08:19:15.920 [main] INFO  - User clicks log in button
08:19:16.047 [main] INFO  - User should see auth page Login tab
17:22:41.655 [main] INFO  - Launching browser: chrome
17:22:43.249 [main] INFO  - Launching application URL: https://herbalance.numpyninja.com/home
17:22:47.920 [main] INFO  - Browser closed
17:31:23.856 [main] INFO  - Launching browser: chrome
17:31:25.248 [main] INFO  - Launching application URL: https://herbalance.numpyninja.com/home
17:31:34.577 [main] INFO  - Browser closed
17:31:34.586 [main] INFO  - Launching browser: chrome
17:31:35.419 [main] INFO  - Launching application URL: https://herbalance.numpyninja.com/home
17:31:41.302 [main] INFO  - Browser closed
17:31:41.306 [main] INFO  - Launching browser: chrome
17:31:42.116 [main] INFO  - Launching application URL: https://herbalance.numpyninja.com/home
17:31:48.046 [main] INFO  - Browser closed
17:31:48.049 [main] INFO  - Launching browser: chrome
17:31:48.853 [main] INFO  - Launching application URL: https://herbalance.numpyninja.com/home
17:31:51.908 [main] INFO  - Browser closed
17:31:51.913 [main] INFO  - Launching browser: chrome
17:31:52.703 [main] INFO  - Launching application URL: https://herbalance.numpyninja.com/home
17:31:58.866 [main] INFO  - Browser closed
17:31:58.869 [main] INFO  - Launching browser: chrome
17:31:59.662 [main] INFO  - Launching application URL: https://herbalance.numpyninja.com/home
17:32:02.947 [main] INFO  - Browser closed
17:32:02.952 [main] INFO  - Launching browser: chrome
17:32:03.704 [main] INFO  - Launching application URL: https://herbalance.numpyninja.com/home
17:32:06.581 [main] INFO  - Browser closed
17:32:06.584 [main] INFO  - Launching browser: chrome
17:32:07.369 [main] INFO  - Launching application URL: https://herbalance.numpyninja.com/home
17:32:10.282 [main] INFO  - Browser closed
17:32:10.287 [main] INFO  - Launching browser: chrome
17:32:11.054 [main] INFO  - Launching application URL: https://herbalance.numpyninja.com/home
17:32:14.035 [main] INFO  - Browser closed
17:32:14.046 [main] INFO  - Launching browser: chrome
17:32:14.843 [main] INFO  - Launching application URL: https://herbalance.numpyninja.com/home
17:32:17.901 [main] INFO  - Browser closed
17:32:17.906 [main] INFO  - Launching browser: chrome
17:32:18.700 [main] INFO  - Launching application URL: https://herbalance.numpyninja.com/home
17:32:21.879 [main] INFO  - Browser closed
17:32:21.882 [main] INFO  - Launching browser: chrome
17:32:22.623 [main] INFO  - Launching application URL: https://herbalance.numpyninja.com/home
17:32:25.915 [main] INFO  - Browser closed
17:32:25.919 [main] INFO  - Launching browser: chrome
17:32:26.640 [main] INFO  - Launching application URL: https://herbalance.numpyninja.com/home
17:32:29.754 [main] INFO  - Browser closed
18:02:03.352 [main] INFO  - Launching browser: chrome
18:02:04.741 [main] INFO  - Launching application URL: https://herbalance.numpyninja.com/home
18:02:05.572 [main] INFO  - User clicked login button in home page
18:02:05.781 [main] INFO  - HerBalance logo should be visible on the top-left corner
18:02:06.064 [main] INFO  - Browser closed
18:02:06.118 [main] INFO  - Launching browser: chrome
18:02:06.964 [main] INFO  - Launching application URL: https://herbalance.numpyninja.com/home
18:02:07.744 [main] INFO  - User clicked login button in home page
18:02:07.912 [main] INFO  - Both Login and SignUp tabs should be visible
18:02:08.310 [main] INFO  - Browser closed
18:02:08.318 [main] INFO  - Launching browser: chrome
18:02:09.088 [main] INFO  - Launching application URL: https://herbalance.numpyninja.com/home
18:02:09.933 [main] INFO  - User clicked login button in home page
18:02:10.097 [main] INFO  - Login” tab should be active by default
18:02:10.381 [main] INFO  - Browser closed
18:02:10.386 [main] INFO  - Launching browser: chrome
18:02:11.387 [main] INFO  - Launching application URL: https://herbalance.numpyninja.com/home
18:02:12.118 [main] INFO  - User clicked login button in home page
18:02:12.563 [main] INFO  - Browser closed
18:02:12.568 [main] INFO  - Launching browser: chrome
18:02:13.327 [main] INFO  - Launching application URL: https://herbalance.numpyninja.com/home
18:02:14.403 [main] INFO  - User clicked login button in home page
18:02:14.598 [main] INFO  - Show password” should be visible
18:02:14.863 [main] INFO  - Browser closed
18:02:14.869 [main] INFO  - Launching browser: chrome
18:02:15.705 [main] INFO  - Launching application URL: https://herbalance.numpyninja.com/home
18:02:16.704 [main] INFO  - User clicked login button in home page
18:02:16.845 [main] INFO  - Forgot password?” link should be visible
18:02:17.145 [main] INFO  - Browser closed
18:02:17.150 [main] INFO  - Launching browser: chrome
18:02:17.976 [main] INFO  - Launching application URL: https://herbalance.numpyninja.com/home
18:02:18.849 [main] INFO  - User clicked login button in home page
18:02:19.048 [main] INFO  - Sign Up” link should be visible and navigates to the Sign-Up page
18:02:19.467 [main] INFO  - Browser closed
18:02:19.473 [main] INFO  - Launching browser: chrome
18:02:20.300 [main] INFO  - Launching application URL: https://herbalance.numpyninja.com/home
18:02:21.790 [main] INFO  - User clicked login button in home page
18:02:21.960 [main] INFO  - The right section should display “Cycle-Synced Plans”, “Blood Work Analysis”, and “Personalized Dashboard” content
18:02:22.375 [main] INFO  - Browser closed
18:02:22.382 [main] INFO  - Launching browser: chrome
18:02:23.159 [main] INFO  - Launching application URL: https://herbalance.numpyninja.com/home
18:02:23.806 [main] INFO  - User clicked login button in home page
18:02:23.947 [main] INFO  - A testimonial with text and name \\(e.g., “Sarah, {int}”) should be displayed
18:02:24.266 [main] INFO  - Browser closed
18:02:24.272 [main] INFO  - Launching browser: chrome
18:02:24.997 [main] INFO  - Launching application URL: https://herbalance.numpyninja.com/home
18:02:25.667 [main] INFO  - User clicked login button in home page
18:02:25.825 [main] INFO  - There should be exactly {int} tabs — “Login” and “Sign Up
18:02:26.087 [main] INFO  - Browser closed
18:02:26.092 [main] INFO  - Launching browser: chrome
18:02:26.824 [main] INFO  - Launching application URL: https://herbalance.numpyninja.com/home
18:02:27.527 [main] INFO  - User clicked login button in home page
18:02:27.663 [main] INFO  - There should be exactly {int} input field
18:02:27.867 [main] INFO  - Browser closed
18:02:27.873 [main] INFO  - Launching browser: chrome
18:02:28.665 [main] INFO  - Launching application URL: https://herbalance.numpyninja.com/home
18:02:29.336 [main] INFO  - User clicked login button in home page
18:02:29.468 [main] INFO  - Radio button for show password
18:02:29.759 [main] INFO  - Browser closed
18:02:29.765 [main] INFO  - Launching browser: chrome
18:02:30.499 [main] INFO  - Launching application URL: https://herbalance.numpyninja.com/home
18:02:31.729 [main] INFO  - User clicked login button in home page
18:02:32.169 [main] INFO  - User should see a light purple background and readable text content
18:02:32.502 [main] INFO  - Browser closed
18:02:32.508 [main] INFO  - Launching browser: chrome
18:02:33.193 [main] INFO  - Launching application URL: https://herbalance.numpyninja.com/home
18:02:34.254 [main] INFO  - User clicked login button in home page
18:02:34.428 [main] INFO  - User enters login details for validEnteries from loginsheet
18:02:36.695 [main] INFO  - User clicks the login button
18:02:36.786 [main] INFO  - The login Error should be displayed for ExpectedScenarios
18:02:37.365 [main] INFO  - Browser closed
18:02:37.371 [main] INFO  - Launching browser: chrome
18:02:38.111 [main] INFO  - Launching application URL: https://herbalance.numpyninja.com/home
18:02:38.774 [main] INFO  - User clicked login button in home page
18:02:38.929 [main] INFO  - User enters login details for validEnteries from loginsheet
18:02:39.512 [main] INFO  - User clicks the login button
18:02:39.613 [main] INFO  - The login Error should be displayed for ExpectedScenarios
18:02:40.526 [main] INFO  - Browser closed
18:02:40.534 [main] INFO  - Launching browser: chrome
18:02:41.226 [main] INFO  - Launching application URL: https://herbalance.numpyninja.com/home
18:02:41.875 [main] INFO  - User clicked login button in home page
18:02:42.039 [main] INFO  - User enters login details for validEnteries from loginsheet
18:02:42.544 [main] INFO  - User clicks the login button
18:02:42.680 [main] INFO  - The login Error should be displayed for ExpectedScenarios
18:02:43.076 [main] INFO  - Browser closed
18:02:43.083 [main] INFO  - Launching browser: chrome
18:02:43.791 [main] INFO  - Launching application URL: https://herbalance.numpyninja.com/home
18:02:44.623 [main] INFO  - User clicked login button in home page
18:02:44.764 [main] INFO  - User clicks show password checkbox after entering password
18:02:45.013 [main] INFO  - Password should be visible in plain text
18:02:45.287 [main] INFO  - Browser closed
18:02:45.292 [main] INFO  - Launching browser: chrome
18:02:45.993 [main] INFO  - Launching application URL: https://herbalance.numpyninja.com/home
18:02:46.890 [main] INFO  - User clicked login button in home page
18:02:47.042 [main] INFO  - User unchecks the Show password checkBox option after entering the password
18:02:47.245 [main] INFO  - Password should again be masked
18:02:47.490 [main] INFO  - Browser closed
18:02:47.495 [main] INFO  - Launching browser: chrome
18:02:48.235 [main] INFO  - Launching application URL: https://herbalance.numpyninja.com/home
18:02:48.929 [main] INFO  - User clicked login button in home page
18:02:49.092 [main] INFO  - User enters a password and clicks the eye icon
18:02:49.311 [main] INFO  - Password field should show the entered password in plain text
18:02:49.685 [main] INFO  - Browser closed
18:02:49.691 [main] INFO  - Launching browser: chrome
18:02:50.360 [main] INFO  - Launching application URL: https://herbalance.numpyninja.com/home
18:02:51.113 [main] INFO  - User clicked login button in home page
18:02:51.288 [main] INFO  - User clicks the eye icon again
18:02:51.397 [main] INFO  - Password should again be masked
18:02:51.650 [main] INFO  - Browser closed
18:02:51.655 [main] INFO  - Launching browser: chrome
18:02:52.362 [main] INFO  - Launching application URL: https://herbalance.numpyninja.com/home
18:02:53.234 [main] INFO  - User clicked login button in home page
18:02:53.769 [main] INFO  - Browser closed
18:02:53.773 [main] INFO  - Launching browser: chrome
18:02:54.601 [main] INFO  - Launching application URL: https://herbalance.numpyninja.com/home
18:02:55.331 [main] INFO  - User clicked login button in home page
18:02:55.881 [main] INFO  - Browser closed
18:05:16.607 [main] INFO  - Launching browser: chrome
18:05:17.846 [main] INFO  - Launching application URL: https://herbalance.numpyninja.com/home
18:05:18.794 [main] INFO  - Display cards for Menstrual Phase,Follicular Phase,Ovulation Phase,and Luteal Phase
18:05:20.427 [main] INFO  - Browser closed
18:05:20.476 [main] INFO  - Launching browser: chrome
18:05:21.382 [main] INFO  - Launching application URL: https://herbalance.numpyninja.com/home
18:05:22.049 [main] INFO  - Cycle tracking app information is visible
18:05:22.050 [main] INFO  - Cycle tracking app Title is visible
18:05:22.722 [main] INFO  - Cycle tracking app Title Feature is visible
18:05:22.995 [main] INFO  - Browser closed
18:05:23.001 [main] INFO  - Launching browser: chrome
18:05:23.810 [main] INFO  - Launching application URL: https://herbalance.numpyninja.com/home
18:05:24.792 [main] INFO  - Log in button is visible
18:05:25.050 [main] INFO  - Browser closed
18:05:25.054 [main] INFO  - Launching browser: chrome
18:05:25.799 [main] INFO  - Launching application URL: https://herbalance.numpyninja.com/home
18:05:26.551 [main] INFO  - Sign Up button is visible
18:05:26.877 [main] INFO  - Browser closed
18:05:26.883 [main] INFO  - Launching browser: chrome
18:05:27.695 [main] INFO  - Launching application URL: https://herbalance.numpyninja.com/home
18:05:28.346 [main] INFO  - Images in Sync should be displayed
18:05:29.204 [main] INFO  - Browser closed
18:05:29.213 [main] INFO  - Launching browser: chrome
18:05:29.938 [main] INFO  - Launching application URL: https://herbalance.numpyninja.com/home
18:05:31.838 [main] INFO  - Informational text under Empower weight loss section
18:05:32.132 [main] INFO  - Browser closed
18:05:32.137 [main] INFO  - Launching browser: chrome
18:05:33.067 [main] INFO  - Launching application URL: https://herbalance.numpyninja.com/home
18:05:33.774 [main] INFO  - User should see a light purple background and readable text content
18:05:34.102 [main] INFO  - Browser closed
18:05:34.107 [main] INFO  - Launching browser: chrome
18:05:34.910 [main] INFO  - Launching application URL: https://herbalance.numpyninja.com/home
18:05:35.539 [main] INFO  - Display a Get Started Now button in the footer section
18:05:36.937 [main] INFO  - Browser closed
18:05:36.947 [main] INFO  - Launching browser: chrome
18:05:37.682 [main] INFO  - Launching application URL: https://herbalance.numpyninja.com/home
18:05:38.696 [main] INFO  - Display a Get Started Now button in the footer section
18:05:39.577 [main] INFO  - Browser closed
18:05:39.584 [main] INFO  - Launching browser: chrome
18:05:40.300 [main] INFO  - Launching application URL: https://herbalance.numpyninja.com/home
18:05:40.987 [main] INFO  - User clicks log in button
18:05:41.270 [main] INFO  - User should see auth page Login tab
18:05:41.561 [main] INFO  - Browser closed
18:05:41.566 [main] INFO  - Launching browser: chrome
18:05:42.260 [main] INFO  - Launching application URL: https://herbalance.numpyninja.com/home
18:05:42.847 [main] INFO  - User clicks Sign Up button
18:05:42.981 [main] INFO  - User should see auth page sign up tab
18:05:43.165 [main] INFO  - Browser closed
18:05:43.171 [main] INFO  - Launching browser: chrome
18:05:43.858 [main] INFO  - Launching application URL: https://herbalance.numpyninja.com/home
18:05:44.504 [main] INFO  - User clicks GetStarted button
18:05:44.680 [main] INFO  - User should see auth page Login tab
18:05:45.060 [main] INFO  - Browser closed
18:05:45.067 [main] INFO  - Launching browser: chrome
18:05:46.091 [main] INFO  - Launching application URL: https://herbalance.numpyninja.com/home
18:05:46.912 [main] INFO  - User clicks Start your personalized button
18:05:47.090 [main] INFO  - User should see auth page Login tab
18:05:47.349 [main] INFO  - Browser closed
18:07:57.911 [main] INFO  - Launching browser: chrome
18:07:59.373 [main] INFO  - Launching application URL: https://herbalance.numpyninja.com/home
18:08:06.974 [main] INFO  - Browser closed
18:08:07.030 [main] INFO  - Launching browser: chrome
18:08:07.877 [main] INFO  - Launching application URL: https://herbalance.numpyninja.com/home
18:08:16.021 [main] INFO  - Browser closed
18:08:16.029 [main] INFO  - Launching browser: chrome
18:08:16.705 [main] INFO  - Launching application URL: https://herbalance.numpyninja.com/home
18:08:21.633 [main] INFO  - Browser closed
18:08:21.640 [main] INFO  - Launching browser: chrome
18:08:22.423 [main] INFO  - Launching application URL: https://herbalance.numpyninja.com/home
18:08:27.509 [main] INFO  - Browser closed
18:08:27.517 [main] INFO  - Launching browser: chrome
18:08:28.273 [main] INFO  - Launching application URL: https://herbalance.numpyninja.com/home
18:08:33.573 [main] INFO  - Browser closed
18:08:33.580 [main] INFO  - Launching browser: chrome
18:08:34.410 [main] INFO  - Launching application URL: https://herbalance.numpyninja.com/home
18:08:42.184 [main] INFO  - Browser closed
18:08:42.191 [main] INFO  - Launching browser: chrome
18:08:42.909 [main] INFO  - Launching application URL: https://herbalance.numpyninja.com/home
18:08:48.234 [main] INFO  - Browser closed
18:08:48.242 [main] INFO  - Launching browser: chrome
18:08:49.009 [main] INFO  - Launching application URL: https://herbalance.numpyninja.com/home
18:08:56.926 [main] INFO  - Browser closed
18:08:56.932 [main] INFO  - Launching browser: chrome
18:08:57.796 [main] INFO  - Launching application URL: https://herbalance.numpyninja.com/home
18:09:05.718 [main] INFO  - Browser closed
18:09:05.723 [main] INFO  - Launching browser: chrome
18:09:06.584 [main] INFO  - Launching application URL: https://herbalance.numpyninja.com/home
18:09:11.565 [main] INFO  - Browser closed
18:09:11.570 [main] INFO  - Launching browser: chrome
18:09:12.375 [main] INFO  - Launching application URL: https://herbalance.numpyninja.com/home
18:09:16.933 [main] INFO  - Browser closed
18:09:16.940 [main] INFO  - Launching browser: chrome
18:09:17.700 [main] INFO  - Launching application URL: https://herbalance.numpyninja.com/home
18:09:25.123 [main] INFO  - Browser closed
18:09:25.128 [main] INFO  - Launching browser: chrome
18:09:25.897 [main] INFO  - Launching application URL: https://herbalance.numpyninja.com/home
18:09:34.278 [main] INFO  - Browser closed
18:09:34.284 [main] INFO  - Launching browser: chrome
18:09:34.979 [main] INFO  - Launching application URL: https://herbalance.numpyninja.com/home
18:09:42.776 [main] INFO  - Browser closed
18:09:42.783 [main] INFO  - Launching browser: chrome
18:09:43.530 [main] INFO  - Launching application URL: https://herbalance.numpyninja.com/home
18:09:48.421 [main] INFO  - Browser closed
18:09:48.427 [main] INFO  - Launching browser: chrome
18:09:49.189 [main] INFO  - Launching application URL: https://herbalance.numpyninja.com/home
18:09:55.036 [main] INFO  - Browser closed
18:09:55.042 [main] INFO  - Launching browser: chrome
18:09:55.827 [main] INFO  - Launching application URL: https://herbalance.numpyninja.com/home
18:10:01.433 [main] INFO  - Browser closed
18:13:05.733 [main] INFO  - Launching browser: chrome
18:13:07.094 [main] INFO  - Launching application URL: https://herbalance.numpyninja.com/home
18:13:13.876 [main] INFO  - Browser closed
18:14:13.847 [main] INFO  - Launching browser: chrome
18:14:15.045 [main] INFO  - Launching application URL: https://herbalance.numpyninja.com/home
18:14:21.827 [main] INFO  - Browser closed
18:26:10.202 [main] INFO  - Launching browser: chrome
18:26:11.858 [main] INFO  - Launching application URL: https://herbalance.numpyninja.com/home
18:26:18.971 [main] INFO  - Browser closed
18:26:55.889 [main] INFO  - Launching browser: chrome
18:26:57.181 [main] INFO  - Launching application URL: https://herbalance.numpyninja.com/home
18:26:58.032 [main] INFO  - User is clicked Sign up button in home page
18:26:58.257 [main] INFO  - Show password” should be visible
18:26:58.603 [main] INFO  - Browser closed
18:26:58.652 [main] INFO  - Launching browser: chrome
18:26:59.483 [main] INFO  - Launching application URL: https://herbalance.numpyninja.com/home
18:27:00.208 [main] INFO  - User is clicked Sign up button in home page
18:27:00.353 [main] INFO  - Sign Up” link should be visible and navigates to the Sign-Up page
18:27:00.789 [main] INFO  - Browser closed
18:27:00.801 [main] INFO  - Launching browser: chrome
18:27:01.615 [main] INFO  - Launching application URL: https://herbalance.numpyninja.com/home
18:27:02.407 [main] INFO  - User is clicked Sign up button in home page
18:27:02.578 [main] INFO  - There should be exactly 3 input field in signUpPage
18:27:02.871 [main] INFO  - Browser closed
18:27:02.877 [main] INFO  - Launching browser: chrome
18:27:03.671 [main] INFO  - Launching application URL: https://herbalance.numpyninja.com/home
18:27:04.355 [main] INFO  - User is clicked Sign up button in home page
18:27:04.534 [main] INFO  - Radio button for show passwords is present
18:27:04.768 [main] INFO  - Browser closed
18:27:04.774 [main] INFO  - Launching browser: chrome
18:27:05.514 [main] INFO  - Launching application URL: https://herbalance.numpyninja.com/home
18:27:06.281 [main] INFO  - User is clicked Sign up button in home page
18:27:06.429 [main] INFO  - Terms and conditions details should be present
18:27:06.733 [main] INFO  - Browser closed
18:27:06.739 [main] INFO  - Launching browser: chrome
18:27:07.487 [main] INFO  - Launching application URL: https://herbalance.numpyninja.com/home
18:27:08.455 [main] INFO  - User is clicked Sign up button in home page
18:27:08.680 [main] INFO  - Radio button for Terms and condition is present
18:27:09.549 [main] INFO  - Browser closed
18:27:09.555 [main] INFO  - Launching browser: chrome
18:27:10.328 [main] INFO  - Launching application URL: https://herbalance.numpyninja.com/home
18:27:11.116 [main] INFO  - User is clicked Sign up button in home page
18:27:11.275 [main] INFO  - User enters details from scenarioname from SignUpsheet
18:27:13.531 [main] INFO  - User clicks the Register button for SignUp
18:27:13.574 [main] INFO  - User should be redirected to the onboarding step
18:27:13.822 [main] INFO  - Browser closed
18:27:13.829 [main] INFO  - Launching browser: chrome
18:27:14.626 [main] INFO  - Launching application URL: https://herbalance.numpyninja.com/home
18:27:15.374 [main] INFO  - User is clicked Sign up button in home page
18:27:15.539 [main] INFO  - User enters details from scenarioname from SignUpsheet
18:27:16.637 [main] INFO  - User clicks the Register button for SignUp
18:27:16.694 [main] INFO  - User should see expected outcome for scenarioname
18:27:16.986 [main] INFO  - Browser closed
18:27:16.992 [main] INFO  - Launching browser: chrome
18:27:17.728 [main] INFO  - Launching application URL: https://herbalance.numpyninja.com/home
18:27:18.478 [main] INFO  - User is clicked Sign up button in home page
18:27:18.638 [main] INFO  - User enters details from scenarioname from SignUpsheet
18:27:19.747 [main] INFO  - User clicks the Register button for SignUp
18:27:19.798 [main] INFO  - User should see expected outcome for scenarioname
18:27:20.130 [main] INFO  - Browser closed
18:27:20.136 [main] INFO  - Launching browser: chrome
18:27:20.864 [main] INFO  - Launching application URL: https://herbalance.numpyninja.com/home
18:27:22.202 [main] INFO  - User is clicked Sign up button in home page
18:27:22.397 [main] INFO  - User enters details from scenarioname from SignUpsheet
18:27:23.521 [main] INFO  - User clicks the Register button for SignUp
18:27:23.583 [main] INFO  - User should see expected outcome for scenarioname
18:27:23.904 [main] INFO  - Browser closed
18:27:23.909 [main] INFO  - Launching browser: chrome
18:27:24.691 [main] INFO  - Launching application URL: https://herbalance.numpyninja.com/home
18:27:25.379 [main] INFO  - User is clicked Sign up button in home page
18:27:25.514 [main] INFO  - User enters details from scenarioname from SignUpsheet
18:27:26.498 [main] INFO  - User clicks the Register button for SignUp
18:27:26.567 [main] INFO  - User should see expected outcome for scenarioname
18:27:26.863 [main] INFO  - Browser closed
18:27:26.872 [main] INFO  - Launching browser: chrome
18:27:27.633 [main] INFO  - Launching application URL: https://herbalance.numpyninja.com/home
18:27:28.356 [main] INFO  - User is clicked Sign up button in home page
18:27:28.496 [main] INFO  - User enters details from scenarioname from SignUpsheet
18:27:29.299 [main] INFO  - User clicks the Register button for SignUp
18:27:29.350 [main] INFO  - User should see expected outcome for scenarioname
18:27:29.710 [main] INFO  - Browser closed
18:27:29.716 [main] INFO  - Launching browser: chrome
18:27:30.449 [main] INFO  - Launching application URL: https://herbalance.numpyninja.com/home
18:27:31.092 [main] INFO  - User is clicked Sign up button in home page
18:27:31.250 [main] INFO  - User clicks the eye icon to show the passwords after entering password and confirmPassword
18:27:32.086 [main] INFO  - User clicks the eye icon to show the passwords after entering password and confirmPassword
18:27:32.429 [main] INFO  - Browser closed
18:27:32.439 [main] INFO  - Launching browser: chrome
18:27:33.243 [main] INFO  - Launching application URL: https://herbalance.numpyninja.com/home
18:27:33.969 [main] INFO  - User is clicked Sign up button in home page
18:27:34.119 [main] INFO  - User clicks the eye icon again after entering the passwords
18:27:34.119 [main] INFO  - change into visible text
18:27:34.516 [main] INFO  - Change back to masked
18:27:34.912 [main] INFO  - passwords should be masked again in both fields
18:27:35.246 [main] INFO  - Browser closed
18:27:35.252 [main] INFO  - Launching browser: chrome
18:27:36.009 [main] INFO  - Launching application URL: https://herbalance.numpyninja.com/home
18:27:36.727 [main] INFO  - User is clicked Sign up button in home page
18:27:36.866 [main] INFO  - User clicks the eye icon again on signUpPage
18:27:37.200 [main] INFO  - Password field should mask the entered password in plain text
18:27:37.441 [main] INFO  - Browser closed
18:27:37.451 [main] INFO  - Launching browser: chrome
18:27:38.179 [main] INFO  - Launching application URL: https://herbalance.numpyninja.com/home
18:27:38.900 [main] INFO  - User is clicked Sign up button in home page
18:27:39.081 [main] INFO  - User enters a password and clicks the eye icon on signUpPage
18:27:39.767 [main] INFO  - Confirm Password field should show the entered password in plain text
18:27:40.064 [main] INFO  - Browser closed
18:27:40.071 [main] INFO  - Launching browser: chrome
18:27:40.763 [main] INFO  - Launching application URL: https://herbalance.numpyninja.com/home
18:27:41.622 [main] INFO  - User is clicked Sign up button in home page
18:27:41.817 [main] INFO  - User clicks the eye icon again on signUpPage
18:27:42.149 [main] INFO  - Confirm Password field should show the entered password in plain text
18:27:42.407 [main] INFO  - Browser closed
18:27:42.412 [main] INFO  - Launching browser: chrome
18:27:43.114 [main] INFO  - Launching application URL: https://herbalance.numpyninja.com/home
18:27:43.801 [main] INFO  - User is clicked Sign up button in home page
18:27:43.976 [main] INFO  - User should be redirected to the login tab
18:27:44.326 [main] INFO  - Browser closed
